modulo_11/MiVigesimaOctavaApp/app/build/intermediates/manifest_merge_blame_file/debug/manifest-merger-blame-debug-report.txt
1<?xml version="1.0" encoding="utf-8"?>
2<manifest xmlns:android="http://schemas.android.com/apk/res/android"
3    package="com.curso_simulaciones.mivigesimaoctavaapp"
4    android:versionCode="1"
5    android:versionName="1.0" >
6
7    <uses-sdk
8        android:minSdkVersion="21"
8-->src\main\AndroidManifest.xml
9        android:targetSdkVersion="33" />
9-->src\main\AndroidManifest.xml
10
11    <uses-permission android:name="android.permission.HIGH_SAMPLING_RATE_SENSORS" />
11-->src\main\AndroidManifest.xml:38:5-84
11-->src\main\AndroidManifest.xml:38:22-82
12
13    <application
13-->src\main\AndroidManifest.xml:5:5-36:19
14        android:allowBackup="true"
14-->src\main\AndroidManifest.xml:6:9-35
15        android:appComponentFactory="androidx.core.app.CoreComponentFactory"
15-->[androidx.core:core:1.0.0] AndroidManifest.xml:22:18-86
16        android:dataExtractionRules="@xml/data_extraction_rules"
16-->src\main\AndroidManifest.xml:7:9-65
17        android:debuggable="true"
18        android:fullBackupContent="@xml/backup_rules"
18-->src\main\AndroidManifest.xml:8:9-54
19        android:icon="@mipmap/ic_launcher"
19-->src\main\AndroidManifest.xml:9:9-43
20        android:label="@string/app_name"
20-->src\main\AndroidManifest.xml:10:9-41
21        android:supportsRtl="true"
21-->src\main\AndroidManifest.xml:11:9-35
22        android:testOnly="true"
23        android:theme="@style/Theme.MiVigesimaOctavaApp" >
23-->src\main\AndroidManifest.xml:12:9-57
24
25        <!-- Declarar la actividad que lanzara la aplicación -->
26        <activity
26-->src\main\AndroidManifest.xml:16:9-26:20
27            android:name="com.curso_simulaciones.mivigesimaoctavaapp.ActividadPrincipalMiVigesimaOctavaApp"
27-->src\main\AndroidManifest.xml:16:19-72
28            android:exported="true"
28-->src\main\AndroidManifest.xml:19:13-36
29            android:screenOrientation="portrait"
29-->src\main\AndroidManifest.xml:18:13-49
30            android:theme="@android:style/Theme.NoTitleBar.Fullscreen" >
30-->src\main\AndroidManifest.xml:17:13-71
31            <intent-filter>
31-->src\main\AndroidManifest.xml:21:13-24:29
32                <action android:name="android.intent.action.MAIN" />
32-->src\main\AndroidManifest.xml:22:17-69
32-->src\main\AndroidManifest.xml:22:25-66
33
34                <category android:name="android.intent.category.LAUNCHER" />
34-->src\main\AndroidManifest.xml:23:17-77
34-->src\main\AndroidManifest.xml:23:27-74
35            </intent-filter>
36        </activity>
37        <activity
37-->src\main\AndroidManifest.xml:28:9-33:20
38            android:name="com.curso_simulaciones.mivigesimaoctavaapp.actividades_secundarias.ActividadDesplegadoraDatos"
38-->src\main\AndroidManifest.xml:28:19-85
39            android:configChanges="screenSize|orientation"
39-->src\main\AndroidManifest.xml:30:13-59
40            android:screenOrientation="landscape"
40-->src\main\AndroidManifest.xml:31:13-50
41            android:theme="@android:style/Theme.NoTitleBar.Fullscreen" >
41-->src\main\AndroidManifest.xml:29:13-71
42        </activity>
43    </application>
44
45</manifest>